[1116/190801.149:ERROR:directory_reader_win.cc(43)] FindFirstFile: 指定されたパスが見つかりません。 (0x3)
[1118/211729.536:ERROR:directory_reader_win.cc(43)] FindFirstFile: 指定されたパスが見つかりません。 (0x3)
[1121/105709.226:ERROR:directory_reader_win.cc(43)] FindFirstFile: 指定されたパスが見つかりません。 (0x3)
[1121/181438.930:ERROR:process_info.cc(329)] VirtualQueryEx: アクセスが拒否されました。 (0x5)
[1121/181438.930:ERROR:process_info.cc(556)] ReadMemoryInfo failed
[1121/181438.930:ERROR:scoped_process_suspend.cc(40)] NtResumeProcess: 既存のプロセスにアクセスしようとしました。 (0xc000010a)
[1121/181438.945:ERROR:process_info.cc(118)] ReadProcessMemory bool __cdecl crashpad::(anonymous namespace)::ReadStruct(HANDLE, crashpad::WinVMAddress, T *) [T = crashpad::process_types::LDR_DATA_TABLE_ENTRY<crashpad::process_types::internal::Traits64>]: ReadProcessMemory 要求または WriteProcessMemory 要求の一部だけを完了しました。 (0x12B)
[1121/181438.945:ERROR:process_info.cc(329)] VirtualQueryEx: アクセスが拒否されました。 (0x5)
[1121/181438.945:ERROR:process_info.cc(556)] ReadMemoryInfo failed
[1121/181438.945:ERROR:process_memory_win.cc(39)] Failed to initialize ProcessInfo.
[1121/181438.945:ERROR:scoped_process_suspend.cc(40)] NtResumeProcess: 既存のプロセスにアクセスしようとしました。 (0xc000010a)
[1121/181438.945:ERROR:process_info.cc(118)] ReadProcessMemory bool __cdecl crashpad::(anonymous namespace)::ReadStruct(HANDLE, crashpad::WinVMAddress, T *) [T = crashpad::process_types::LDR_DATA_TABLE_ENTRY<crashpad::process_types::internal::Traits64>]: ReadProcessMemory 要求または WriteProcessMemory 要求の一部だけを完了しました。 (0x12B)
[1121/181438.945:ERROR:process_info.cc(329)] VirtualQueryEx: アクセスが拒否されました。 (0x5)
[1121/181438.945:ERROR:process_info.cc(556)] ReadMemoryInfo failed
[1121/181438.945:ERROR:process_memory_win.cc(39)] Failed to initialize ProcessInfo.
[1121/181438.945:ERROR:scoped_process_suspend.cc(40)] NtResumeProcess: 既存のプロセスにアクセスしようとしました。 (0xc000010a)
[1121/181438.961:ERROR:process_info.cc(118)] ReadProcessMemory bool __cdecl crashpad::(anonymous namespace)::ReadStruct(HANDLE, crashpad::WinVMAddress, T *) [T = crashpad::process_types::LDR_DATA_TABLE_ENTRY<crashpad::process_types::internal::Traits64>]: ReadProcessMemory 要求または WriteProcessMemory 要求の一部だけを完了しました。 (0x12B)
[1121/181438.961:ERROR:process_info.cc(329)] VirtualQueryEx: アクセスが拒否されました。 (0x5)
[1121/181438.961:ERROR:process_info.cc(556)] ReadMemoryInfo failed
[1121/181438.961:ERROR:process_memory_win.cc(39)] Failed to initialize ProcessInfo.
[1121/181438.961:ERROR:scoped_process_suspend.cc(40)] NtResumeProcess: 既存のプロセスにアクセスしようとしました。 (0xc000010a)
